<?xml version="1.0" encoding="UTF-8"?>
<testng-results ignored="0" total="1" passed="1" failed="0" skipped="0">
  <reporter-output>
  </reporter-output>
  <suite started-at="2022-04-17T15:00:34 IST" name="Default suite" finished-at="2022-04-17T15:00:59 IST" duration-ms="25146">
    <groups>
    </groups>
    <test started-at="2022-04-17T15:00:34 IST" name="Default test" finished-at="2022-04-17T15:00:59 IST" duration-ms="25146">
      <class name="testScripts.BookHotel">
        <test-method is-config="true" signature="openBrowerAndNavigate()[pri:0, instance:testScripts.BookHotel@5fbdfdcf]" started-at="2022-04-17T15:00:34 IST" name="openBrowerAndNavigate" finished-at="2022-04-17T15:00:44 IST" duration-ms="10506" status="PASS">
          <reporter-output>
          </reporter-output>
        </test-method> <!-- openBrowerAndNavigate -->
        <test-method signature="logIn()[pri:0, instance:testScripts.BookHotel@5fbdfdcf]" started-at="2022-04-17T15:00:44 IST" name="logIn" finished-at="2022-04-17T15:00:58 IST" duration-ms="13792" status="PASS">
          <reporter-output>
          </reporter-output>
        </test-method> <!-- logIn -->
        <test-method is-config="true" signature="tearDown()[pri:0, instance:testScripts.BookHotel@5fbdfdcf]" started-at="2022-04-17T15:00:58 IST" name="tearDown" finished-at="2022-04-17T15:00:59 IST" duration-ms="811" status="PASS">
          <reporter-output>
          </reporter-output>
        </test-method> <!-- tearDown -->
      </class> <!-- testScripts.BookHotel -->
    </test> <!-- Default test -->
  </suite> <!-- Default suite -->
</testng-results>
